<?xml version="1.0" encoding="UTF-8"?>
<testsuite xmlns:xsi="http://www.w3.org/2001/XMLSchema-instance" xsi:noNamespaceSchemaLocation="https://maven.apache.org/surefire/maven-surefire-plugin/xsd/surefire-test-report-3.0.xsd" version="3.0" name="com.yandex.practicum.devops.SausageApplicationIntegrationTest" time="3.758" tests="4" errors="0" skipped="0" failures="0">
  <properties>
[...]
</properties>
  <testcase name="givenGetProductsApiCall_whenProductListRetrieved_thenSizeMatchAndListContainsProductNames" classname="com.yandex.practicum.devops.SausageApplicationIntegrationTest" time="0.316">
    <system-out><![CDATA[08:40:05.399 [main] INFO  o.s.b.t.c.SpringBootTestContextBootstrapper - Neither @ContextConfiguration nor @ContextHierarchy found for test class [com.yandex.practicum.devops.SausageApplicationIntegrationTest], using SpringBootContextLoader
08:40:05.403 [main] INFO  o.s.t.c.s.AbstractContextLoader - Could not detect default resource locations for test class [com.yandex.practicum.devops.SausageApplicationIntegrationTest]: no resource found for suffixes {-context.xml, Context.groovy}.
08:40:05.521 [main] INFO  o.s.b.t.c.SpringBootTestContextBootstrapper - Loaded default TestExecutionListener class names from location [META-INF/spring.factories]: [org.springframework.boot.test.mock.mockito.MockitoTestExecutionListener, org.springframework.boot.test.mock.mockito.ResetMocksTestExecutionListener, org.springframework.boot.test.autoconfigure.restdocs.RestDocsTestExecutionListener, org.springframework.boot.test.autoconfigure.web.client.MockRestServiceServerResetTestExecutionListener, org.springframework.boot.test.autoconfigure.web.servlet.MockMvcPrintOnlyOnFailureTestExecutionListener, org.springframework.boot.test.autoconfigure.web.servlet.WebDriverTestExecutionListener, org.springframework.boot.test.autoconfigure.webservices.client.MockWebServiceServerTestExecutionListener, org.springframework.test.context.web.ServletTestExecutionListener, org.springframework.test.context.support.DirtiesContextBeforeModesTestExecutionListener, org.springframework.test.context.event.ApplicationEventsTestExecutionListener, org.springframework.test.context.support.DependencyInjectionTestExecutionListener, org.springframework.test.context.support.DirtiesContextTestExecutionListener, org.springframework.test.context.transaction.TransactionalTestExecutionListener, org.springframework.test.context.jdbc.SqlScriptsTestExecutionListener, org.springframework.test.context.event.EventPublishingTestExecutionListener]
08:40:05.534 [main] INFO  o.s.b.t.c.SpringBootTestContextBootstrapper - Using TestExecutionListeners: [org.springframework.test.context.web.ServletTestExecutionListener@6ad3381f, org.springframework.test.context.support.DirtiesContextBeforeModesTestExecutionListener@53dbe163, org.springframework.test.context.event.ApplicationEventsTestExecutionListener@db57326, org.springframework.boot.test.mock.mockito.MockitoTestExecutionListener@34a875b3, org.springframework.boot.test.autoconfigure.SpringBootDependencyInjectionTestExecutionListener@4748a0f9, org.springframework.test.context.support.DirtiesContextTestExecutionListener@4b14918a, org.springframework.test.context.transaction.TransactionalTestExecutionListener@6d1ef78d, org.springframework.test.context.jdbc.SqlScriptsTestExecutionListener@1a6c1270, org.springframework.test.context.event.EventPublishingTestExecutionListener@18a136ac, org.springframework.boot.test.mock.mockito.ResetMocksTestExecutionListener@77d67cf3, org.springframework.boot.test.autoconfigure.restdocs.RestDocsTestExecutionListener@6dee4f1b, org.springframework.boot.test.autoconfigure.web.client.MockRestServiceServerResetTestExecutionListener@176b3f44, org.springframework.boot.test.autoconfigure.web.servlet.MockMvcPrintOnlyOnFailureTestExecutionListener@6ee6f53, org.springframework.boot.test.autoconfigure.web.servlet.WebDriverTestExecutionListener@421bba99, org.springframework.boot.test.autoconfigure.webservices.client.MockWebServiceServerTestExecutionListener@5d12a356]
08:40:05.566 [main] INFO  o.s.b.t.c.SpringBootTestContextBootstrapper - Neither @ContextConfiguration nor @ContextHierarchy found for test class [com.yandex.practicum.devops.SausageApplicationIntegrationTest], using SpringBootContextLoader
08:40:05.566 [main] INFO  o.s.t.c.s.AbstractContextLoader - Could not detect default resource locations for test class [com.yandex.practicum.devops.SausageApplicationIntegrationTest]: no resource found for suffixes {-context.xml, Context.groovy}.
08:40:05.570 [main] INFO  o.s.b.t.c.SpringBootTestContextBootstrapper - Loaded default TestExecutionListener class names from location [META-INF/spring.factories]: [org.springframework.boot.test.mock.mockito.MockitoTestExecutionListener, org.springframework.boot.test.mock.mockito.ResetMocksTestExecutionListener, org.springframework.boot.test.autoconfigure.restdocs.RestDocsTestExecutionListener, org.springframework.boot.test.autoconfigure.web.client.MockRestServiceServerResetTestExecutionListener, org.springframework.boot.test.autoconfigure.web.servlet.MockMvcPrintOnlyOnFailureTestExecutionListener, org.springframework.boot.test.autoconfigure.web.servlet.WebDriverTestExecutionListener, org.springframework.boot.test.autoconfigure.webservices.client.MockWebServiceServerTestExecutionListener, org.springframework.test.context.web.ServletTestExecutionListener, org.springframework.test.context.support.DirtiesContextBeforeModesTestExecutionListener, org.springframework.test.context.event.ApplicationEventsTestExecutionListener, org.springframework.test.context.support.DependencyInjectionTestExecutionListener, org.springframework.test.context.support.DirtiesContextTestExecutionListener, org.springframework.test.context.transaction.TransactionalTestExecutionListener, org.springframework.test.context.jdbc.SqlScriptsTestExecutionListener, org.springframework.test.context.event.EventPublishingTestExecutionListener]
08:40:05.571 [main] INFO  o.s.b.t.c.SpringBootTestContextBootstrapper - Using TestExecutionListeners: [org.springframework.test.context.web.ServletTestExecutionListener@1e8ce150, org.springframework.test.context.support.DirtiesContextBeforeModesTestExecutionListener@604f2bd2, org.springframework.test.context.event.ApplicationEventsTestExecutionListener@1d3ac898, org.springframework.boot.test.mock.mockito.MockitoTestExecutionListener@1b73be9f, org.springframework.boot.test.autoconfigure.SpringBootDependencyInjectionTestExecutionListener@628c4ac0, org.springframework.test.context.support.DirtiesContextTestExecutionListener@7b84fcf8, org.springframework.test.context.transaction.TransactionalTestExecutionListener@30b19518, org.springframework.test.context.jdbc.SqlScriptsTestExecutionListener@363042d7, org.springframework.test.context.event.EventPublishingTestExecutionListener@366ac49b, org.springframework.boot.test.mock.mockito.ResetMocksTestExecutionListener@6ad59d92, org.springframework.boot.test.autoconfigure.restdocs.RestDocsTestExecutionListener@56f0cc85, org.springframework.boot.test.autoconfigure.web.client.MockRestServiceServerResetTestExecutionListener@62e20a76, org.springframework.boot.test.autoconfigure.web.servlet.MockMvcPrintOnlyOnFailureTestExecutionListener@2cc44ad, org.springframework.boot.test.autoconfigure.web.servlet.WebDriverTestExecutionListener@44b3606b, org.springframework.boot.test.autoconfigure.webservices.client.MockWebServiceServerTestExecutionListener@1477089c]

  .   ____          _            __ _ _
 /\\ / ___'_ __ _ _(_)_ __  __ _ \ \ \ \
( ( )\___ | '_ | '_| | '_ \/ _` | \ \ \ \
 \\/  ___)| |_)| | | | | || (_| |  ) ) ) )
  '  |____| .__|_| |_|_| |_\__, | / / / /
 =========|_|==============|___/=/_/_/_/
 :: Spring Boot ::               (v2.7.18)

08:40:05.826 [background-preinit] INFO  o.h.validator.internal.util.Version - HV000001: Hibernate Validator 6.2.5.Final
08:40:05.833 [main] INFO  c.y.p.d.SausageApplicationIntegrationTest - Starting SausageApplicationIntegrationTest using Java 21.0.9 on kali with PID 5059 (started by r0m43k in /home/r0m43k/git/sausage-store/backend)
08:40:05.833 [main] INFO  c.y.p.d.SausageApplicationIntegrationTest - The following 1 profile is active: "test"
08:40:06.288 [main] INFO  o.s.d.r.c.RepositoryConfigurationDelegate - Bootstrapping Spring Data JPA repositories in DEFAULT mode.
08:40:06.336 [main] INFO  o.s.d.r.c.RepositoryConfigurationDelegate - Finished Spring Data repository scanning in 42 ms. Found 3 JPA repository interfaces.
08:40:06.836 [main] INFO  o.s.b.w.e.tomcat.TomcatWebServer - Tomcat initialized with port(s): 0 (http)
08:40:06.843 [main] INFO  o.a.coyote.http11.Http11NioProtocol - Initializing ProtocolHandler ["http-nio-auto-1"]
08:40:06.844 [main] INFO  o.a.catalina.core.StandardService - Starting service [Tomcat]
08:40:06.845 [main] INFO  o.a.catalina.core.StandardEngine - Starting Servlet engine: [Apache Tomcat/9.0.83]
08:40:06.926 [main] INFO  o.a.c.c.C.[Tomcat].[localhost].[/] - Initializing Spring embedded WebApplicationContext
08:40:06.926 [main] INFO  o.s.b.w.s.c.ServletWebServerApplicationContext - Root WebApplicationContext: initialization completed in 1078 ms
08:40:06.987 [main] INFO  com.zaxxer.hikari.HikariDataSource - ecommercedb - Starting...
08:40:07.145 [main] INFO  com.zaxxer.hikari.HikariDataSource - ecommercedb - Start completed.
08:40:07.155 [main] INFO  o.s.b.a.h.H2ConsoleAutoConfiguration - H2 console available at '/h2-console'. Database available at 'jdbc:h2:mem:cc280713-a23b-4e3d-9870-c55daf5fb4c6'
08:40:07.296 [main] INFO  o.h.jpa.internal.util.LogHelper - HHH000204: Processing PersistenceUnitInfo [name: default]
08:40:07.336 [main] INFO  org.hibernate.Version - HHH000412: Hibernate ORM core version 5.6.15.Final
08:40:07.465 [main] INFO  o.h.annotations.common.Version - HCANN000001: Hibernate Commons Annotations {5.1.2.Final}
08:40:07.547 [main] INFO  org.hibernate.dialect.Dialect - HHH000400: Using dialect: org.hibernate.dialect.H2Dialect
08:40:08.045 [main] INFO  o.h.e.t.j.p.i.JtaPlatformInitiator - HHH000490: Using JtaPlatform implementation: [org.hibernate.engine.transaction.jta.platform.internal.NoJtaPlatform]
08:40:08.051 [main] INFO  o.s.o.j.LocalContainerEntityManagerFactoryBean - Initialized JPA EntityManagerFactory for persistence unit 'default'
08:40:08.344 [main] WARN  o.s.b.a.o.j.JpaBaseConfiguration$JpaWebConfiguration - spring.jpa.open-in-view is enabled by default. Therefore, database queries may be performed during view rendering. Explicitly configure spring.jpa.open-in-view to disable this warning
08:40:08.733 [main] INFO  o.a.coyote.http11.Http11NioProtocol - Starting ProtocolHandler ["http-nio-auto-1"]
08:40:08.753 [main] INFO  o.s.b.w.e.tomcat.TomcatWebServer - Tomcat started on port(s): 43939 (http) with context path ''
08:40:08.767 [main] INFO  c.y.p.d.SausageApplicationIntegrationTest - Started SausageApplicationIntegrationTest in 3.135 seconds (JVM running for 3.896)
08:40:08.999 [http-nio-auto-1-exec-1] INFO  o.a.c.c.C.[Tomcat].[localhost].[/] - Initializing Spring DispatcherServlet 'dispatcherServlet'
08:40:08.999 [http-nio-auto-1-exec-1] INFO  o.s.web.servlet.DispatcherServlet - Initializing Servlet 'dispatcherServlet'
08:40:09.000 [http-nio-auto-1-exec-1] INFO  o.s.web.servlet.DispatcherServlet - Completed initialization in 1 ms
]]></system-out>
  </testcase>
  <testcase name="givenGetOrdersApiCall_whenProductListRetrieved_thenSizeMatchAndListContainsProductNames" classname="com.yandex.practicum.devops.SausageApplicationIntegrationTest" time="0.024"/>
  <testcase name="givenPostOrder_whenBodyRequestMatcherJson_thenResponseContainsEqualObjectProperties" classname="com.yandex.practicum.devops.SausageApplicationIntegrationTest" time="0.132"/>
  <testcase name="contextLoads" classname="com.yandex.practicum.devops.SausageApplicationIntegrationTest" time="0.002"/>
</testsuite>